Arguments: 
  C:\Program Files\nodejs\node.exe C:\Users\ISRAEL_LI\AppData\Roaming\npm\node_modules\yarn\bin\yarn.js add node-sass

PATH: 
  C:\Program Files\Common Files\Oracle\Java\javapath;C:\WINDOWS\system32;C:\WINDOWS;C:\WINDOWS\System32\Wbem;C:\WINDOWS\System32\WindowsPowerShell\v1.0\;C:\WINDOWS\System32\OpenSSH\;C:\xampp\php;C:\composer;C:\Program Files\Git\cmd;C:\Program Files\MongoDB\Server\6.0\bin;C:\Program Files\mongosh;C:\Program Files\Java\jdk-17.0.4\bin;C:\ProgramData\chocolatey\bin;C:\Program Files\nodejs\;C:\Users\ISRAEL_LI\AppData\Local\Programs\Python\Python310;C:\Users\ISRAEL_LI\AppData\Local\Programs\Python\Python310\Scripts;C:\Users\ISRAEL_LI\AppData\Local\Android\Sdk\platform-tools;C:\Program Files\Docker\Docker\resources\bin;C:\Users\ISRAEL_LI\AppData\Local\Microsoft\WindowsApps;C:\Users\ISRAEL_LI\AppData\Local\Programs\Microsoft VS Code\bin;C:\Users\ISRAEL_LI\AppData\Roaming\Composer\vendor\bin;C:\Program Files\mongosh\;C:\Users\ISRAEL_LI\AppData\Roaming\npm;C:\Program Files\heroku\bin

Yarn version: 
  1.22.19

Node version: 
  18.15.0

Platform: 
  win32 x64

Trace: 
  Error: connect ETIMEDOUT 2606:4700::6810:1922:443
      at TCPConnectWrap.afterConnect [as oncomplete] (node:net:1494:16)

npm manifest: 
  {
    "name": "clothing-store",
    "version": "0.1.0",
    "private": true,
    "dependencies": {
      "@testing-library/jest-dom": "^5.17.0",
      "@testing-library/react": "^13.4.0",
      "@testing-library/user-event": "^13.5.0",
      "react": "^18.2.0",
      "react-dom": "^18.2.0",
      "react-scripts": "5.0.1",
      "web-vitals": "^2.1.4"
    },
    "scripts": {
      "start": "react-scripts start",
      "build": "react-scripts build",
      "test": "react-scripts test",
      "eject": "react-scripts eject"
    },
    "eslintConfig": {
      "extends": [
        "react-app",
        "react-app/jest"
      ]
    },
    "browserslist": {
      "production": [
        ">0.2%",
        "not dead",
        "not op_mini all"
      ],
      "development": [
        "last 1 chrome version",
        "last 1 firefox version",
        "last 1 safari version"
      ]
    }
  }

yarn manifest: 
  No manifest

Lockfile: 
  No lockfile
